2022-11-02 00:51:16,831 - __main__ - INFO - making final data set from raw data
2022-11-02 00:56:43,303 - __main__ - ERROR - Error while processing dataset: division by zero
2022-11-02 00:56:47,415 - __main__ - ERROR - Error while processing dataset: division by zero
2022-11-02 23:37:48,915 - __main__ - ERROR - Error while processing dataset: main() missing 2 required positional arguments: 'input_filepath' and 'output_filepath'
2022-11-02 23:40:49,499 - __main__ - ERROR - Error while processing dataset: main() missing 2 required positional arguments: 'input_filepath' and 'output_filepath'
2022-11-02 23:41:52,246 - __main__ - INFO - making final data set from raw data
2022-11-03 00:52:43,547 - __main__ - INFO - making final data set from raw data
2022-11-03 12:32:07,600 - __main__ - INFO - making final data set from raw data
2022-11-03 12:34:22,577 - __main__ - INFO - making final data set from raw data
2022-11-03 12:35:13,785 - __main__ - INFO - making final data set from raw data
2022-11-03 12:38:23,003 - __main__ - INFO - making final data set from raw data
2022-11-03 12:39:03,852 - __main__ - INFO - making final data set from raw data
2022-11-03 12:41:34,194 - __main__ - INFO - making final data set from raw data
2022-11-03 12:42:45,758 - __main__ - INFO - making final data set from raw data
2022-11-03 12:45:37,754 - __main__ - INFO - making final data set from raw data
2022-11-03 12:45:59,565 - __main__ - INFO - making final data set from raw data
2022-11-03 12:47:37,019 - __main__ - INFO - making final data set from raw data
2022-11-03 12:47:39,341 - __main__ - INFO - making final data set from raw data
2022-11-03 12:48:04,164 - __main__ - INFO - making final data set from raw data
2022-11-03 12:48:23,465 - __main__ - INFO - making final data set from raw data
2022-11-03 13:41:36,044 - __main__ - INFO - making final data set from raw data
2022-11-03 13:41:55,471 - __main__ - ERROR - Error while processing dataset: [Errno 2] No such file or directory: 'config/data_creation_trnsformed_config.yaml'
2022-11-03 13:42:55,232 - __main__ - INFO - making final data set from raw data
2022-11-03 13:44:31,118 - __main__ - ERROR - Error while processing dataset: Cannot save file into a non-existent directory: 'data/processed/not_transformed'
2022-11-03 13:45:04,446 - __main__ - INFO - making final data set from raw data
2022-11-03 13:52:56,010 - __main__ - ERROR - Error while Fitting model: [Errno 2] No such file or directory: 'data/processed/transformed/x_train.csv'
2022-11-03 13:54:15,751 - __main__ - INFO - making final data set from raw data
2022-11-03 13:54:21,176 - __main__ - INFO - making final data set from raw data
2022-11-03 13:55:00,486 - __main__ - INFO - Model fitted
2022-11-03 14:09:24,516 - __main__ - ERROR - Error while Fitting model: while scanning a quoted scalar
  in "config/train_config.yaml", line 5, column 14
found unexpected end of stream
  in "config/train_config.yaml", line 5, column 61
2022-11-03 14:10:06,892 - __main__ - INFO - Model fitted
2022-11-03 14:10:38,279 - __main__ - ERROR - Error while Fitting model: 'DataFrame' object has no attribute 'ravel'
2022-11-03 14:13:44,441 - __main__ - ERROR - Error while Fitting model: 'DataFrame' object has no attribute 'ravel'
2022-11-03 14:14:00,785 - __main__ - ERROR - Error while Fitting model: 'DataFrame' object has no attribute 'ravel'
2022-11-03 14:15:02,490 - __main__ - INFO - Model fitted
2022-11-03 14:15:07,682 - __main__ - INFO - Model fitted
2022-11-03 14:16:33,317 - __main__ - INFO - Model fitted
2022-11-03 14:16:37,138 - __main__ - INFO - Model fitted
2022-11-03 14:17:10,224 - __main__ - INFO - Model fitted
2022-11-03 14:17:12,767 - __main__ - INFO - Model fitted
2022-11-03 14:18:54,353 - __main__ - INFO - Model fitted
2022-11-03 14:18:57,686 - __main__ - INFO - Model fitted
2022-11-03 14:39:06,551 - __main__ - INFO - Model fitted
2022-11-03 14:39:09,777 - __main__ - INFO - Model fitted
2022-11-03 14:39:49,746 - __main__ - INFO - Making final data set from raw data
2022-11-03 14:39:59,608 - __main__ - ERROR - Error while processing dataset: [Errno 2] No such file or directory: 'config/data_creation__config.yaml'
2022-11-03 14:41:45,824 - __main__ - INFO - Making final data set from raw data
2022-11-03 14:41:52,788 - __main__ - INFO - Making final data set from raw data
2022-11-03 14:45:31,679 - __main__ - INFO - Making final data set from raw data
2022-11-03 14:45:34,871 - __main__ - INFO - Making final data set from raw data
2022-11-03 14:47:44,106 - __main__ - INFO - Making final data set from raw data
2022-11-03 14:47:48,903 - __main__ - INFO - Making final data set from raw data
2022-11-03 14:52:25,810 - __main__ - INFO - Making final data set from raw data
2022-11-03 14:52:28,894 - __main__ - INFO - Making final data set from raw data
2022-11-03 14:52:57,111 - __main__ - INFO - Making final data set from raw data
2022-11-03 14:52:59,627 - __main__ - INFO - Making final data set from raw data
2022-11-03 14:53:21,831 - __main__ - INFO - Making final data set from raw data
2022-11-03 14:53:24,422 - __main__ - INFO - Making final data set from raw data
2022-11-03 14:53:49,965 - __main__ - INFO - Making final data set from raw data
2022-11-03 14:53:52,441 - __main__ - INFO - Making final data set from raw data
2022-11-03 14:54:50,816 - __main__ - INFO - Model fitted
2022-11-03 14:54:57,929 - __main__ - INFO - Model fitted
2022-11-06 15:19:07,809 - __main__ - INFO - Model fitted
2022-11-06 15:37:38,540 - __main__ - INFO - Model fitted
